<?xml version="1.0" encoding="UTF-8"?>
<!-- Generated by org.testng.reporters.JUnitXMLReporter -->
<testsuite hostname="shubhagg-mac" ignored="0" name="Test" tests="0" failures="0" timestamp="2020-01-25T13:47:35 IST" time="0.071" errors="0">
  <testcase name="@BeforeClass setUpClass" time="0.037" classname="io.cucumber.testng.AbstractTestNGCucumberTests">
    <failure type="java.lang.VerifyError" message="Bad type on operand stack
Exception Details:
  Location:
    cucumber/runtime/formatter/PrettyFormatter.printBackground(Lcucumber/api/TestCase;)V @29: invokespecial
  Reason:
    Type &amp;apos;gherkin/ast/Background&amp;apos; (current frame, stack[1]) is not assignable to &amp;apos;gherkin/ast/ScenarioDefinition&amp;apos;
  Current Frame:
    bci: @29
    flags: { }
    locals: { &amp;apos;cucumber/runtime/formatter/PrettyFormatter&amp;apos;, &amp;apos;cucumber/api/TestCase&amp;apos;, &amp;apos;cucumber/runtime/formatter/TestSourcesModel$AstNode&amp;apos;, &amp;apos;gherkin/ast/Background&amp;apos; }
    stack: { &amp;apos;cucumber/runtime/formatter/PrettyFormatter&amp;apos;, &amp;apos;gherkin/ast/Background&amp;apos; }
  Bytecode:
    0x0000000: 2ab4 000a 2ab4 0036 2bb9 0038 0100 b600
    0x0000010: 4b4d 2cc6 007f 2cb8 009e 4e2a 2db7 005e
    0x0000020: 3a04 0436 052a bb00 5b59 b700 5c12 59b6
    0x0000030: 005d 1904 b600 5db6 0063 2bb9 009f 0100
    0x0000040: 1505 b700 a02a 1259 1904 b700 783a 062a
    0x0000050: b400 25b6 0049 572a b400 25bb 005b 59b7
    0x0000060: 005c 1259 b600 5d19 04b6 005d 1906 b600
    0x0000070: 5d2a 2ab4 0036 2db6 00a1 b600 61b7 0062
    0x0000080: b600 5db6 0063 b600 4557 2a2d b600 a2b7
    0x0000090: 0065 b1                                
  Stackmap Table:
    append_frame(@146,Object[#265])
">
      <![CDATA[java.lang.VerifyError: Bad type on operand stack
Exception Details:
  Location:
    cucumber/runtime/formatter/PrettyFormatter.printBackground(Lcucumber/api/TestCase;)V @29: invokespecial
  Reason:
    Type 'gherkin/ast/Background' (current frame, stack[1]) is not assignable to 'gherkin/ast/ScenarioDefinition'
  Current Frame:
    bci: @29
    flags: { }
    locals: { 'cucumber/runtime/formatter/PrettyFormatter', 'cucumber/api/TestCase', 'cucumber/runtime/formatter/TestSourcesModel$AstNode', 'gherkin/ast/Background' }
    stack: { 'cucumber/runtime/formatter/PrettyFormatter', 'gherkin/ast/Background' }
  Bytecode:
    0x0000000: 2ab4 000a 2ab4 0036 2bb9 0038 0100 b600
    0x0000010: 4b4d 2cc6 007f 2cb8 009e 4e2a 2db7 005e
    0x0000020: 3a04 0436 052a bb00 5b59 b700 5c12 59b6
    0x0000030: 005d 1904 b600 5db6 0063 2bb9 009f 0100
    0x0000040: 1505 b700 a02a 1259 1904 b700 783a 062a
    0x0000050: b400 25b6 0049 572a b400 25bb 005b 59b7
    0x0000060: 005c 1259 b600 5d19 04b6 005d 1906 b600
    0x0000070: 5d2a 2ab4 0036 2db6 00a1 b600 61b7 0062
    0x0000080: b600 5db6 0063 b600 4557 2a2d b600 a2b7
    0x0000090: 0065 b1                                
  Stackmap Table:
    append_frame(@146,Object[#265])

at java.lang.Class.getDeclaredConstructors0(Native Method)
at java.lang.Class.privateGetDeclaredConstructors(Class.java:2671)
at java.lang.Class.getConstructor0(Class.java:3075)
at java.lang.Class.getConstructor(Class.java:1825)
at cucumber.runtime.formatter.PluginFactory.findSingleArgConstructor(PluginFactory.java:144)
at cucumber.runtime.formatter.PluginFactory.instantiate(PluginFactory.java:85)
at cucumber.runtime.formatter.PluginFactory.create(PluginFactory.java:76)
at cucumber.runtime.formatter.Plugins.createPlugins(Plugins.java:63)
at cucumber.runtime.formatter.Plugins.<init>(Plugins.java:35)
at io.cucumber.testng.TestNGCucumberRunner.<init>(TestNGCucumberRunner.java:68)
at io.cucumber.testng.AbstractTestNGCucumberTests.setUpClass(AbstractTestNGCucumberTests.java:18)
at java.util.ArrayList.forEach(ArrayList.java:1257)
... Removed 25 stack frames]]>
    </failure>
  </testcase> <!-- @BeforeClass setUpClass -->
</testsuite> <!-- Test -->
